Successfully uploaded soaring.pdf

Convert pdf to IEEE compliant pdf


	2017-03-14 06:44:52	Profile c:\...\New_Process_plan.kfpx	
	2017-03-14 06:44:52	Input	z:\www\conferences\spool\5TvLbRt37r.pdf 
	2017-03-14 06:44:52	Pages	6	
	2017-03-14 06:44:52	Progress	1	%
	2017-03-14 06:44:52	Step	Profile HK Downsample check
	2017-03-14 06:44:53	Progress	24	%
	2017-03-14 06:44:53	Progress	29	%
	2017-03-14 06:44:53	Progress	35	%
	2017-03-14 06:44:53	Progress	40	%
	2017-03-14 06:44:53	Progress	45	%
	2017-03-14 06:44:53	Progress	50	%
	2017-03-14 06:44:53	Progress	55	%
	2017-03-14 06:44:53	Progress	60	%
	2017-03-14 06:44:53	Progress	65	%
	2017-03-14 06:44:53	Progress	71	%
	2017-03-14 06:44:53	Progress	76	%
	2017-03-14 06:44:54	Progress	81	%
	2017-03-14 06:44:54	Progress	100	%
	2017-03-14 06:44:54	Summary Corrections	0
	2017-03-14 06:44:54	Summary Errors	0
	2017-03-14 06:44:54	Summary Warnings	0
	2017-03-14 06:44:54	Summary Infos	0
	2017-03-14 06:44:54	Step	Profile HK Embedded files check
	2017-03-14 06:44:55	Summary Corrections	0
	2017-03-14 06:44:55	Summary Errors	0
	2017-03-14 06:44:55	Summary Warnings	0
	2017-03-14 06:44:55	Summary Infos	0
	2017-03-14 06:44:55	Step	Profile HK Embedded Postscript check
	2017-03-14 06:44:56	Summary Corrections	0
	2017-03-14 06:44:56	Summary Errors	0
	2017-03-14 06:44:56	Summary Warnings	0
	2017-03-14 06:44:56	Summary Infos	0
	2017-03-14 06:44:56	Step	Profile HK Nonembedded check
	2017-03-14 06:44:57	Summary Corrections	0
	2017-03-14 06:44:57	Summary Errors	0
	2017-03-14 06:44:57	Summary Warnings	0
	2017-03-14 06:44:57	Summary Infos	0
	2017-03-14 06:44:57	Step	Profile HK Not subset check
	2017-03-14 06:44:58	Summary Corrections	0
	2017-03-14 06:44:58	Summary Errors	0
	2017-03-14 06:44:58	Summary Warnings	0
	2017-03-14 06:44:58	Summary Infos	0
	2017-03-14 06:44:58	Step	Profile HK Version below 1.4 check
	2017-03-14 06:44:59	Summary Corrections	0
	2017-03-14 06:44:59	Summary Errors	0
	2017-03-14 06:44:59	Summary Warnings	0
	2017-03-14 06:44:59	Summary Infos	0
	2017-03-14 06:44:59	Finished	z:\www\conferences\spool\5TvLbRt37r.pdf 
	2017-03-14 06:44:59	Duration	00:07	


Successfully moved the pdf file to the temporary directory


The pdf file is ready to be submitted

Bookmarks and annotations were successfully removed

